<?xml version="1.0" encoding="UTF-8"?>
<testng-results ignored="0" total="2" passed="2" failed="0" skipped="0">
  <reporter-output>
  </reporter-output>
  <suite started-at="2024-10-14T15:53:17 IST" name="Suite" finished-at="2024-10-14T15:53:37 IST" duration-ms="19870">
    <groups>
    </groups>
    <test started-at="2024-10-14T15:53:17 IST" name="Master Test" finished-at="2024-10-14T15:53:37 IST" duration-ms="19870">
      <class name="testCases.TC002_LoginTestCase">
        <test-method is-config="true" signature="setup(java.lang.String,java.lang.String)[pri:0, instance:testCases.TC002_LoginTestCase@c5dc4a2]" started-at="2024-10-14T15:53:28 IST" name="setup" finished-at="2024-10-14T15:53:35 IST" duration-ms="7187" status="PASS">
          <params>
            <param index="0">
              <value>
                <![CDATA[Windows]]>
              </value>
            </param>
            <param index="1">
              <value>
                <![CDATA[chrome]]>
              </value>
            </param>
          </params>
          <reporter-output>
          </reporter-output>
        </test-method> <!-- setup -->
        <test-method signature="VerifyLogin()[pri:0, instance:testCases.TC002_LoginTestCase@c5dc4a2]" started-at="2024-10-14T15:53:35 IST" name="VerifyLogin" finished-at="2024-10-14T15:53:36 IST" duration-ms="1725" status="PASS">
          <reporter-output>
          </reporter-output>
        </test-method> <!-- VerifyLogin -->
        <test-method is-config="true" signature="teardown()[pri:0, instance:testCases.TC002_LoginTestCase@c5dc4a2]" started-at="2024-10-14T15:53:36 IST" name="teardown" finished-at="2024-10-14T15:53:37 IST" duration-ms="459" status="PASS">
          <reporter-output>
          </reporter-output>
        </test-method> <!-- teardown -->
      </class> <!-- testCases.TC002_LoginTestCase -->
      <class name="testCases.TC001_AccountRegistration">
        <test-method is-config="true" signature="setup(java.lang.String,java.lang.String)[pri:0, instance:testCases.TC001_AccountRegistration@1817f1eb]" started-at="2024-10-14T15:53:17 IST" name="setup" finished-at="2024-10-14T15:53:24 IST" duration-ms="6740" status="PASS">
          <params>
            <param index="0">
              <value>
                <![CDATA[Windows]]>
              </value>
            </param>
            <param index="1">
              <value>
                <![CDATA[chrome]]>
              </value>
            </param>
          </params>
          <reporter-output>
          </reporter-output>
        </test-method> <!-- setup -->
        <test-method signature="verify_account_registration()[pri:0, instance:testCases.TC001_AccountRegistration@1817f1eb]" started-at="2024-10-14T15:53:24 IST" name="verify_account_registration" finished-at="2024-10-14T15:53:27 IST" duration-ms="3088" status="PASS">
          <reporter-output>
          </reporter-output>
        </test-method> <!-- verify_account_registration -->
        <test-method is-config="true" signature="teardown()[pri:0, instance:testCases.TC001_AccountRegistration@1817f1eb]" started-at="2024-10-14T15:53:27 IST" name="teardown" finished-at="2024-10-14T15:53:28 IST" duration-ms="572" status="PASS">
          <reporter-output>
          </reporter-output>
        </test-method> <!-- teardown -->
      </class> <!-- testCases.TC001_AccountRegistration -->
    </test> <!-- Master Test -->
  </suite> <!-- Suite -->
</testng-results>
