<?xml version="1.0" encoding="UTF-8"?>
<testng-results ignored="0" total="1" passed="1" failed="0" skipped="0">
  <reporter-output>
  </reporter-output>
  <suite started-at="2024-10-03T12:48:49 IST" name="Default suite" finished-at="2024-10-03T12:49:03 IST" duration-ms="14421">
    <groups>
    </groups>
    <test started-at="2024-10-03T12:48:49 IST" name="Default test" finished-at="2024-10-03T12:49:03 IST" duration-ms="14421">
      <class name="Screenshot.Mobile">
        <test-method signature="screenshot()[pri:0, instance:Screenshot.Mobile@2fb5fe30]" started-at="2024-10-03T12:48:49 IST" name="screenshot" finished-at="2024-10-03T12:49:03 IST" duration-ms="14335" status="PASS">
          <reporter-output>
          </reporter-output>
        </test-method> <!-- screenshot -->
      </class> <!-- Screenshot.Mobile -->
    </test> <!-- Default test -->
  </suite> <!-- Default suite -->
</testng-results>
